#
# A fatal error has been detected by the Java Runtime Environment:
#
#  EXCEPTION_ACCESS_VIOLATION (0xc0000005) at pc=0x000000006e1d4a1b, pid=87740, tid=123928
#
# JRE version: Java(TM) SE Runtime Environment (7.0_79-b15) (build 1.7.0_79-b15)
# Java VM: Java HotSpot(TM) 64-Bit Server VM (24.79-b02 mixed mode windows-amd64 compressed oops)
# Problematic frame:
# V  [jvm.dll+0x144a1b]
#
# Failed to write core dump. Minidumps are not enabled by default on client versions of Windows
#
# If you would like to submit a bug report, please visit:
#   http://bugreport.java.com/bugreport/crash.jsp
#

---------------  T H R E A D  ---------------

Current thread (0x000000000f61e000):  JavaThread "JDWP Transport Listener: dt_socket" daemon [_thread_in_vm, id=123928, stack(0x0000000011a60000,0x0000000011b60000)]

siginfo: ExceptionCode=0xc0000005, reading address 0xffffffffffffffff

Registers:
RAX=0x0000000011b5f701, RBX=0x000000000f61e000, RCX=0x3b656c6261003b72, RDX=0x0000000000000000
RSP=0x0000000011b5f6f0, RBP=0x3b656c6261003b72, RSI=0x0000000011b5f808, RDI=0x00000000021ba7e0
R8 =0x000000000f61e000, R9 =0x0000000000000700, R10=0x0000000000000000, R11=0x2f6c6ce100100001
R12=0x0000000000000000, R13=0x000000000213fa98, R14=0x0000000000000000, R15=0x0000000000000000
RIP=0x000000006e1d4a1b, EFLAGS=0x0000000000010206

Top of Stack: (sp=0x0000000011b5f6f0)
0x0000000011b5f6f0:   000000000f61e000 000000000000000f
0x0000000011b5f700:   0000000011b5f7b8 000000006e376a59
0x0000000011b5f710:   000000000f61e000 000000006e394602
0x0000000011b5f720:   0000000000000000 00000000500b8e8d
0x0000000011b5f730:   000000001524ab10 00000000500c2666
0x0000000011b5f740:   000000000f61e000 0000000000000000
0x0000000011b5f750:   0000000000000000 0000000000000000
0x0000000011b5f760:   3b656c6261003b72 00000000500c175d
0x0000000011b5f770:   0000000011b5f808 0000000011b5f7e0
0x0000000011b5f780:   0000000000000001 000000001524ab10
0x0000000011b5f790:   3b656c6261003b72 00000000500a53b3
0x0000000011b5f7a0:   0000000011b5f8d0 0000000000000001
0x0000000011b5f7b0:   0000000000000001 000000001524ab10
0x0000000011b5f7c0:   00000000f0001041 0000000000000000
0x0000000011b5f7d0:   0000000000000000 0000000000000000
0x0000000011b5f7e0:   0000000000000001 00000000500a5571 

Instructions: (pc=0x000000006e1d4a1b)
0x000000006e1d49fb:   48 8b 5c 24 30 48 89 47 18 48 83 c4 20 5f c3 cc
0x000000006e1d4a0b:   cc cc cc cc cc 40 53 48 83 ec 20 48 85 c9 74 54
0x000000006e1d4a1b:   48 8b 19 48 85 db 74 4c 48 b8 fe fe fe fe fe fe
0x000000006e1d4a2b:   fe fe 48 3b d8 74 3d 80 3d 8f 26 61 00 00 74 15 


Register to memory mapping:

RAX=0x0000000011b5f701 is pointing into the stack for thread: 0x000000000f61e000
RBX=0x000000000f61e000 is a thread
RCX=0x3b656c6261003b72 is an unknown value
RDX=0x0000000000000000 is an unknown value
RSP=0x0000000011b5f6f0 is pointing into the stack for thread: 0x000000000f61e000
RBP=0x3b656c6261003b72 is an unknown value
RSI=0x0000000011b5f808 is pointing into the stack for thread: 0x000000000f61e000
RDI=0x00000000021ba7e0 is an unknown value
R8 =0x000000000f61e000 is a thread
R9 =0x0000000000000700 is an unknown value
R10=0x0000000000000000 is an unknown value
R11=0x2f6c6ce100100001 is an unknown value
R12=0x0000000000000000 is an unknown value
R13=0x000000000213fa98 is an unknown value
R14=0x0000000000000000 is an unknown value
R15=0x0000000000000000 is an unknown value


Stack: [0x0000000011a60000,0x0000000011b60000],  sp=0x0000000011b5f6f0,  free space=1021k
Native frames: (J=compiled Java code, j=interpreted, Vv=VM code, C=native code)
V  [jvm.dll+0x144a1b]


---------------  P R O C E S S  ---------------

Java Threads: ( => current thread )
  0x000000001542e800 JavaThread "Swing-Shell" daemon [_thread_blocked, id=120112, stack(0x0000000018090000,0x0000000018190000)]
  0x00000000152c9000 JavaThread "TimerQueue" daemon [_thread_blocked, id=125644, stack(0x0000000017d50000,0x0000000017e50000)]
  0x0000000015789800 JavaThread "D3D Screen Updater" daemon [_thread_blocked, id=122396, stack(0x0000000017830000,0x0000000017930000)]
  0x00000000021bf000 JavaThread "DestroyJavaVM" [_thread_blocked, id=125264, stack(0x0000000002290000,0x0000000002390000)]
  0x0000000010770800 JavaThread "AWT-EventQueue-0" [_thread_blocked, id=125884, stack(0x00000000139c0000,0x0000000013ac0000)]
  0x00000000106df000 JavaThread "AWT-Windows" daemon [_thread_in_native, id=125876, stack(0x0000000012fd0000,0x00000000130d0000)]
  0x00000000106de000 JavaThread "AWT-Shutdown" [_thread_blocked, id=125872, stack(0x0000000012ec0000,0x0000000012fc0000)]
  0x00000000106dd800 JavaThread "Java2D Disposer" daemon [_thread_blocked, id=125868, stack(0x0000000012740000,0x0000000012840000)]
  0x00000000105d3800 JavaThread "Service Thread" daemon [_thread_blocked, id=125724, stack(0x0000000012a90000,0x0000000012b90000)]
  0x00000000105cb000 JavaThread "C2 CompilerThread1" daemon [_thread_blocked, id=119468, stack(0x0000000012860000,0x0000000012960000)]
  0x00000000105c9800 JavaThread "C2 CompilerThread0" daemon [_thread_blocked, id=125728, stack(0x00000000124b0000,0x00000000125b0000)]
  0x00000000105b3000 JavaThread "JDWP Command Reader" daemon [_thread_in_native, id=125384, stack(0x00000000125d0000,0x00000000126d0000)]
  0x00000000105b0000 JavaThread "JDWP Event Helper Thread" daemon [_thread_blocked, id=125400, stack(0x0000000012320000,0x0000000012420000)]
=>0x000000000f61e000 JavaThread "JDWP Transport Listener: dt_socket" daemon [_thread_in_vm, id=123928, stack(0x0000000011a60000,0x0000000011b60000)]
  0x000000000f618000 JavaThread "Attach Listener" daemon [_thread_blocked, id=125768, stack(0x0000000011ba0000,0x0000000011ca0000)]
  0x000000000f617000 JavaThread "Signal Dispatcher" daemon [_thread_blocked, id=124820, stack(0x0000000011960000,0x0000000011a60000)]
  0x00000000021ad000 JavaThread "Finalizer" daemon [_thread_blocked, id=125528, stack(0x0000000011850000,0x0000000011950000)]
  0x000000000f601000 JavaThread "Reference Handler" daemon [_thread_blocked, id=125044, stack(0x0000000011690000,0x0000000011790000)]

Other Threads:
  0x000000000f5fc000 VMThread [stack: 0x0000000011520000,0x0000000011620000] [id=124616]
  0x00000000105df000 WatcherThread [stack: 0x0000000012c30000,0x0000000012d30000] [id=125848]

VM state:not at safepoint (normal execution)

VM Mutex/Monitor currently owned by a thread: None

Heap
 PSYoungGen      total 74240K, used 42486K [0x00000007ad900000, 0x00000007b2b80000, 0x0000000800000000)
  eden space 64000K, 66% used [0x00000007ad900000,0x00000007b027d868,0x00000007b1780000)
  from space 10240K, 0% used [0x00000007b2180000,0x00000007b2180000,0x00000007b2b80000)
  to   space 10240K, 0% used [0x00000007b1780000,0x00000007b1780000,0x00000007b2180000)
 ParOldGen       total 168448K, used 0K [0x0000000708c00000, 0x0000000713080000, 0x00000007ad900000)
  object space 168448K, 0% used [0x0000000708c00000,0x0000000708c00000,0x0000000713080000)
 PSPermGen       total 21504K, used 15705K [0x0000000703a00000, 0x0000000704f00000, 0x0000000708c00000)
  object space 21504K, 73% used [0x0000000703a00000,0x0000000704956490,0x0000000704f00000)

Card table byte_map: [0x0000000005430000,0x0000000005c20000] byte_map_base: 0x0000000001c13000

Polling page: 0x0000000000430000

Code Cache  [0x0000000002430000, 0x00000000026a0000, 0x0000000005430000)
 total_blobs=621 nmethods=131 adapters=450 free_code_cache=48320Kb largest_free_block=49456448

Compilation events (10 events):
Event: 12.518 Thread 0x00000000105cb000  127   !         javax.swing.UIDefaults::getFromHashtable (239 bytes)
Event: 12.521 Thread 0x00000000105c9800  128             java.awt.Component::checkTreeLock (21 bytes)
Event: 12.522 Thread 0x00000000105c9800 nmethod 128 0x0000000002501890 code [0x00000000025019e0, 0x0000000002501a88]
Event: 12.524 Thread 0x00000000105cb000 nmethod 127 0x0000000002501d90 code [0x0000000002501f80, 0x0000000002502e10]
Event: 94.784 Thread 0x00000000105c9800  129             java.lang.AbstractStringBuilder::<init> (12 bytes)
Event: 94.785 Thread 0x00000000105c9800 nmethod 129 0x0000000002501590 code [0x00000000025016e0, 0x00000000025017f8]
Event: 143.225 Thread 0x00000000105cb000  130             sun.java2d.SurfaceData::isValid (5 bytes)
Event: 143.225 Thread 0x00000000105cb000 nmethod 130 0x0000000002504190 code [0x00000000025042c0, 0x0000000002504318]
Event: 255.821 Thread 0x00000000105c9800  131             sun.java2d.SurfaceData::isSurfaceLost (5 bytes)
Event: 255.822 Thread 0x00000000105c9800 nmethod 131 0x0000000002503f90 code [0x00000000025040c0, 0x0000000002504118]

GC Heap History (0 events):
No events

Deoptimization events (10 events):
Event: 1.056 Thread 0x0000000010770800 Uncommon trap: reason=class_check action=maybe_recompile pc=0x00000000024a4280 method=java.lang.String.equals(Ljava/lang/Object;)Z @ 8
Event: 6.399 Thread 0x00000000106df000 Uncommon trap: reason=array_check action=maybe_recompile pc=0x00000000024ee984 method=java.util.ComparableTimSort.binarySort([Ljava/lang/Object;III)V @ 193
Event: 6.399 Thread 0x00000000106df000 Uncommon trap: reason=array_check action=maybe_recompile pc=0x00000000024eea78 method=java.util.ComparableTimSort.binarySort([Ljava/lang/Object;III)V @ 183
Event: 6.399 Thread 0x00000000106df000 Uncommon trap: reason=array_check action=maybe_recompile pc=0x00000000024ee89c method=java.util.ComparableTimSort.binarySort([Ljava/lang/Object;III)V @ 215
Event: 6.399 Thread 0x00000000106df000 Uncommon trap: reason=array_check action=maybe_recompile pc=0x00000000024ee89c method=java.util.ComparableTimSort.binarySort([Ljava/lang/Object;III)V @ 215
Event: 7.809 Thread 0x0000000010770800 Uncommon trap: reason=bimorphic action=maybe_recompile pc=0x00000000024e178c method=java.util.HashMap.put(Ljava/lang/Object;Ljava/lang/Object;)Ljava/lang/Object; @ 83
Event: 7.809 Thread 0x0000000010770800 Uncommon trap: reason=bimorphic action=maybe_recompile pc=0x00000000024e178c method=java.util.HashMap.put(Ljava/lang/Object;Ljava/lang/Object;)Ljava/lang/Object; @ 83
Event: 7.809 Thread 0x0000000010770800 Uncommon trap: reason=bimorphic action=maybe_recompile pc=0x00000000024e178c method=java.util.HashMap.put(Ljava/lang/Object;Ljava/lang/Object;)Ljava/lang/Object; @ 83
Event: 7.809 Thread 0x0000000010770800 Uncommon trap: reason=bimorphic action=maybe_recompile pc=0x00000000024e178c method=java.util.HashMap.put(Ljava/lang/Object;Ljava/lang/Object;)Ljava/lang/Object; @ 83
Event: 7.841 Thread 0x0000000010770800 Uncommon trap: reason=unreached action=reinterpret pc=0x00000000024f4d98 method=java.awt.Component.getFont_NoClientCode()Ljava/awt/Font; @ 17

Internal exceptions (10 events):
Event: 12.462 Thread 0x0000000010770800 Threw 0x00000007afda6598 at C:\re\jdk7u79\2331\hotspot\src\share\vm\prims\jvm.cpp:1304
Event: 12.462 Thread 0x0000000010770800 Threw 0x00000007afdac988 at C:\re\jdk7u79\2331\hotspot\src\share\vm\prims\jvm.cpp:1304
Event: 12.463 Thread 0x0000000010770800 Threw 0x00000007afdb0a60 at C:\re\jdk7u79\2331\hotspot\src\share\vm\prims\jvm.cpp:1304
Event: 12.463 Thread 0x0000000010770800 Threw 0x00000007afdb4b40 at C:\re\jdk7u79\2331\hotspot\src\share\vm\prims\jvm.cpp:1304
Event: 12.464 Thread 0x0000000010770800 Threw 0x00000007afdbaae0 at C:\re\jdk7u79\2331\hotspot\src\share\vm\prims\jvm.cpp:1304
Event: 12.468 Thread 0x0000000010770800 Threw 0x00000007afdc7c08 at C:\re\jdk7u79\2331\hotspot\src\share\vm\prims\jvm.cpp:1304
Event: 12.469 Thread 0x0000000010770800 Threw 0x00000007afdc9a40 at C:\re\jdk7u79\2331\hotspot\src\share\vm\prims\jvm.cpp:1304
Event: 12.469 Thread 0x0000000010770800 Threw 0x00000007afdcbe78 at C:\re\jdk7u79\2331\hotspot\src\share\vm\prims\jvm.cpp:1304
Event: 12.472 Thread 0x0000000010770800 Threw 0x00000007afdd5040 at C:\re\jdk7u79\2331\hotspot\src\share\vm\prims\jvm.cpp:1304
Event: 12.472 Thread 0x0000000010770800 Threw 0x00000007afdd6f30 at C:\re\jdk7u79\2331\hotspot\src\share\vm\prims\jvm.cpp:1304

Events (10 events):
Event: 12.472 loading class 0x00000000105f3bc0
Event: 12.472 loading class 0x00000000105f3bc0 done
Event: 12.473 loading class 0x00000000108b64f0
Event: 12.473 loading class 0x00000000108b64f0 done
Event: 12.504 loading class 0x00000000107a4250
Event: 12.504 loading class 0x00000000107a4250 done
Event: 12.505 loading class 0x00000000155d1c50
Event: 12.505 loading class 0x00000000155d1c50 done
Event: 421.275 Executing VM operation: RedefineClasses
Event: 421.276 Executing VM operation: RedefineClasses done


Dynamic libraries:
0x000000013ff70000 - 0x000000013ffa3000 	C:\Program Files\Eclipse_DEV\Jdks\jdk1.7\bin\javaw.exe
0x0000000077830000 - 0x00000000779cf000 	C:\windows\SYSTEM32\ntdll.dll
0x0000000077610000 - 0x0000000077730000 	C:\windows\system32\kernel32.dll
0x000007fefd6d0000 - 0x000007fefd737000 	C:\windows\system32\KERNELBASE.dll
0x0000000075050000 - 0x00000000750e3000 	C:\windows\System32\SYSFER.DLL
0x000007feff790000 - 0x000007feff86b000 	C:\windows\system32\ADVAPI32.dll
0x000007feff9c0000 - 0x000007feffa5f000 	C:\windows\system32\msvcrt.dll
0x000007feff870000 - 0x000007feff88f000 	C:\windows\SYSTEM32\sechost.dll
0x000007feff890000 - 0x000007feff9bc000 	C:\windows\system32\RPCRT4.dll
0x0000000077730000 - 0x000000007782b000 	C:\windows\system32\USER32.dll
0x000007fefeb80000 - 0x000007fefebe7000 	C:\windows\system32\GDI32.dll
0x000007fefe550000 - 0x000007fefe55e000 	C:\windows\system32\LPK.dll
0x000007fefeab0000 - 0x000007fefeb7b000 	C:\windows\system32\USP10.dll
0x000007fefb7d0000 - 0x000007fefb9c5000 	C:\windows\WinSxS\amd64_microsoft.windows.common-controls_6595b64144ccf1df_6.0.7601.24483_none_e372d88f30fbb845\COMCTL32.dll
0x000007feff5e0000 - 0x000007feff651000 	C:\windows\system32\SHLWAPI.dll
0x00000000779e0000 - 0x00000000779e7000 	C:\windows\system32\psapi.dll
0x000007feff760000 - 0x000007feff78e000 	C:\windows\system32\IMM32.DLL
0x000007fefebf0000 - 0x000007fefecfb000 	C:\windows\system32\MSCTF.dll
0x0000000079700000 - 0x00000000797d2000 	C:\Program Files\Eclipse_DEV\Jdks\jdk1.7\jre\bin\msvcr100.dll
0x000000006e090000 - 0x000000006e865000 	C:\Program Files\Eclipse_DEV\Jdks\jdk1.7\jre\bin\server\jvm.dll
0x000007fef8410000 - 0x000007fef8419000 	C:\windows\system32\WSOCK32.dll
0x000007feffad0000 - 0x000007feffb1d000 	C:\windows\system32\WS2_32.dll
0x000007feffac0000 - 0x000007feffac8000 	C:\windows\system32\NSI.dll
0x000007fefa620000 - 0x000007fefa65b000 	C:\windows\system32\WINMM.dll
0x000000005d740000 - 0x000000005d74f000 	C:\Program Files\Eclipse_DEV\Jdks\jdk1.7\jre\bin\verify.dll
0x0000000050fb0000 - 0x0000000050fd8000 	C:\Program Files\Eclipse_DEV\Jdks\jdk1.7\jre\bin\java.dll
0x00000000500a0000 - 0x00000000500d5000 	C:\Program Files\Eclipse_DEV\Jdks\jdk1.7\jre\bin\jdwp.dll
0x000000005d430000 - 0x000000005d438000 	C:\Program Files\Eclipse_DEV\Jdks\jdk1.7\jre\bin\npt.dll
0x0000000051780000 - 0x0000000051795000 	C:\Program Files\Eclipse_DEV\Jdks\jdk1.7\jre\bin\zip.dll
0x000000005d000000 - 0x000000005d009000 	C:\Program Files\Eclipse_DEV\Jdks\jdk1.7\jre\bin\dt_socket.dll
0x000007fefbc40000 - 0x000007fefbc55000 	C:\windows\system32\NLAapi.dll
0x000007fef9310000 - 0x000007fef9325000 	C:\windows\system32\napinsp.dll
0x000007fef9330000 - 0x000007fef9349000 	C:\windows\system32\pnrpnsp.dll
0x000007fefca90000 - 0x000007fefcae5000 	C:\windows\System32\mswsock.dll
0x000007fefc910000 - 0x000007fefc96b000 	C:\windows\system32\DNSAPI.dll
0x000007fef9300000 - 0x000007fef930b000 	C:\windows\System32\winrnr.dll
0x000007fef92f0000 - 0x000007fef9300000 	C:\windows\system32\wshbth.dll
0x000007fefb700000 - 0x000007fefb727000 	C:\windows\system32\IPHLPAPI.DLL
0x000007fefb6f0000 - 0x000007fefb6fb000 	C:\windows\system32\WINNSI.DLL
0x000007fefb580000 - 0x000007fefb5d3000 	C:\windows\System32\fwpuclnt.dll
0x000007fef9e00000 - 0x000007fef9e08000 	C:\windows\system32\rasadhlp.dll
0x000007fefc4a0000 - 0x000007fefc4a7000 	C:\windows\System32\wshtcpip.dll
0x000000006c670000 - 0x000000006c805000 	C:\Program Files\Eclipse_DEV\Jdks\jdk1.7\jre\bin\awt.dll
0x000007feff680000 - 0x000007feff75c000 	C:\windows\system32\OLEAUT32.dll
0x000007fefee90000 - 0x000007feff08f000 	C:\windows\system32\ole32.dll
0x000007fefa980000 - 0x000007fefa9d6000 	C:\windows\system32\uxtheme.dll
0x000007fefa430000 - 0x000007fefa448000 	C:\windows\system32\dwmapi.dll
0x000007fefd220000 - 0x000007fefd22f000 	C:\windows\system32\CRYPTBASE.dll
0x000007fefd740000 - 0x000007fefe4cb000 	C:\windows\system32\SHELL32.dll
0x000007fee2e00000 - 0x000007fee2fff000 	C:\windows\system32\d3d9.dll
0x000007fefc590000 - 0x000007fefc59c000 	C:\windows\system32\VERSION.dll
0x000007feecec0000 - 0x000007feecec7000 	C:\windows\system32\d3d8thk.dll
0x000007fedb380000 - 0x000007fedc400000 	C:\windows\system32\nvd3dumx.dll
0x000007fefc050000 - 0x000007fefc07c000 	C:\windows\system32\powrprof.dll
0x000007feff130000 - 0x000007feff307000 	C:\windows\system32\SETUPAPI.dll
0x000007fefd5b0000 - 0x000007fefd5e6000 	C:\windows\system32\CFGMGR32.dll
0x000007fefd6a0000 - 0x000007fefd6ba000 	C:\windows\system32\DEVOBJ.dll
0x000007fee60f0000 - 0x000007fee61d6000 	C:\Program Files (x86)\NVIDIA Corporation\3D Vision\nvSCPAPI64.dll
0x00000000510c0000 - 0x0000000051107000 	C:\Program Files\Eclipse_DEV\Jdks\jdk1.7\jre\bin\fontmanager.dll
0x0000000051840000 - 0x000000005185a000 	C:\Program Files\Eclipse_DEV\Jdks\jdk1.7\jre\bin\net.dll
0x000007fefcb30000 - 0x000007fefcb37000 	C:\windows\System32\wship6.dll
0x00000000512c0000 - 0x00000000512d1000 	C:\Program Files\Eclipse_DEV\Jdks\jdk1.7\jre\bin\nio.dll
0x0000000077fb0000 - 0x0000000077ff1000 	C:\Program Files\Eclipse_DEV\Jdks\jdk1.7\jre\bin\t2k.dll
0x000007fef85a0000 - 0x000007fef8640000 	C:\windows\WinSxS\amd64_microsoft.windows.common-controls_6595b64144ccf1df_5.82.7601.18837_none_a4d981ff711297b6\comctl32.dll
0x000007fefea10000 - 0x000007fefeaa9000 	C:\windows\system32\CLBCatQ.DLL
0x000007fefbed0000 - 0x000007fefbffc000 	C:\windows\system32\propsys.dll
0x000007fefc210000 - 0x000007fefc23d000 	C:\windows\system32\ntmarta.dll
0x000007feffa60000 - 0x000007feffab2000 	C:\windows\system32\WLDAP32.dll
0x000007fefd1c0000 - 0x000007fefd217000 	C:\windows\system32\apphelp.dll
0x000007feea430000 - 0x000007feea5cc000 	C:\windows\system32\NetworkExplorer.dll
0x000007fefba40000 - 0x000007fefba4b000 	C:\windows\system32\slc.dll
0x000007fefa270000 - 0x000007fefa3d1000 	C:\windows\system32\WindowsCodecs.dll
0x000007feee410000 - 0x000007feee579000 	C:\Users\u354706\AppData\Local\Microsoft\OneDrive\20.114.0607.0002\amd64\FileSyncShell64.dll
0x000007fefe560000 - 0x000007fefea0c000 	C:\windows\system32\WININET.dll
0x000007fefd680000 - 0x000007fefd684000 	C:\windows\system32\api-ms-win-downlevel-user32-l1-1-0.dll
0x000007fefd610000 - 0x000007fefd614000 	C:\windows\system32\api-ms-win-downlevel-shlwapi-l1-1-0.dll
0x000007fefd6c0000 - 0x000007fefd6c4000 	C:\windows\system32\api-ms-win-downlevel-version-l1-1-0.dll
0x000007fefd5f0000 - 0x000007fefd5f3000 	C:\windows\system32\api-ms-win-downlevel-normaliz-l1-1-0.dll
0x00000000779d0000 - 0x00000000779d3000 	C:\windows\system32\normaliz.DLL
0x000007feff310000 - 0x000007feff5dc000 	C:\windows\system32\iertutil.dll
0x000007fefd690000 - 0x000007fefd695000 	C:\windows\system32\api-ms-win-downlevel-advapi32-l1-1-0.dll
0x000007fefd660000 - 0x000007fefd67f000 	C:\windows\system32\USERENV.dll
0x000007fefd390000 - 0x000007fefd39f000 	C:\windows\system32\profapi.dll
0x000007fefc5a0000 - 0x000007fefc5b1000 	C:\windows\system32\WTSAPI32.dll
0x000007fefc560000 - 0x000007fefc563000 	C:\windows\system32\api-ms-win-core-synch-l1-2-0.DLL
0x000007feecfa0000 - 0x000007feed1b5000 	C:\PROGRA~1\MICROS~2\Office16\GROOVEEX.DLL
0x000007feee3f0000 - 0x000007feee406000 	C:\windows\system32\VCRUNTIME140.dll
0x000007feee3e0000 - 0x000007feee3e4000 	C:\windows\system32\api-ms-win-crt-runtime-l1-1-0.dll
0x000007feee2e0000 - 0x000007feee3d4000 	C:\windows\system32\ucrtbase.DLL
0x000007feee2d0000 - 0x000007feee2d3000 	C:\windows\system32\api-ms-win-core-timezone-l1-1-0.dll
0x000007feee2c0000 - 0x000007feee2c3000 	C:\windows\system32\api-ms-win-core-file-l2-1-0.dll
0x000007feee2b0000 - 0x000007feee2b3000 	C:\windows\system32\api-ms-win-core-localization-l1-2-0.dll
0x000007feee2a0000 - 0x000007feee2a3000 	C:\windows\system32\api-ms-win-core-processthreads-l1-1-1.dll
0x000007feee290000 - 0x000007feee293000 	C:\windows\system32\api-ms-win-core-file-l1-2-0.dll
0x000007feee280000 - 0x000007feee284000 	C:\windows\system32\api-ms-win-crt-string-l1-1-0.dll
0x000007feee270000 - 0x000007feee273000 	C:\windows\system32\api-ms-win-crt-heap-l1-1-0.dll
0x000007feee260000 - 0x000007feee264000 	C:\windows\system32\api-ms-win-crt-stdio-l1-1-0.dll
0x000007feee250000 - 0x000007feee254000 	C:\windows\system32\api-ms-win-crt-convert-l1-1-0.dll
0x000007feee1b0000 - 0x000007feee24b000 	C:\windows\system32\MSVCP140.dll
0x000007feee1a0000 - 0x000007feee1a3000 	C:\windows\system32\api-ms-win-crt-locale-l1-1-0.dll
0x000007feee190000 - 0x000007feee195000 	C:\windows\system32\api-ms-win-crt-math-l1-1-0.dll
0x000007feee180000 - 0x000007feee183000 	C:\windows\system32\api-ms-win-crt-time-l1-1-0.dll
0x000007feee170000 - 0x000007feee173000 	C:\windows\system32\api-ms-win-crt-filesystem-l1-1-0.dll
0x000007feee160000 - 0x000007feee163000 	C:\windows\system32\api-ms-win-crt-environment-l1-1-0.dll
0x000007feee150000 - 0x000007feee153000 	C:\windows\system32\api-ms-win-crt-utility-l1-1-0.dll
0x000007feede30000 - 0x000007feee150000 	C:\windows\system32\msi.dll
0x000007feed380000 - 0x000007feedc0e000 	C:\PROGRA~1\MICROS~2\Office16\1036\GrooveIntlResource.dll
0x000007feed340000 - 0x000007feed375000 	C:\windows\system32\EhStorShell.dll
0x000007feebd10000 - 0x000007feebd44000 	C:\windows\System32\shdocvw.dll
0x000007fef8210000 - 0x000007fef8228000 	C:\windows\system32\MPR.dll
0x000007fefa0c0000 - 0x000007fefa0ca000 	C:\windows\System32\drprov.dll
0x000007fefc6c0000 - 0x000007fefc6fd000 	C:\windows\System32\WINSTA.dll
0x000007feea6c0000 - 0x000007feea6e2000 	C:\windows\System32\ntlanman.dll
0x000007fefa0a0000 - 0x000007fefa0be000 	C:\windows\System32\davclnt.dll
0x000007fefa0d0000 - 0x000007fefa0da000 	C:\windows\System32\DAVHLPR.dll
0x000007fefbc60000 - 0x000007fefbc75000 	C:\windows\system32\wkscli.dll
0x000007fef5910000 - 0x000007fef591f000 	C:\windows\system32\cscapi.dll
0x000007fefc820000 - 0x000007fefc82c000 	C:\windows\system32\netutils.dll
0x000007fee7030000 - 0x000007fee72a1000 	C:\windows\system32\wpdshext.dll
0x000007fefa760000 - 0x000007fefa979000 	C:\windows\WinSxS\amd64_microsoft.windows.gdiplus_6595b64144ccf1df_1.1.7601.24559_none_145a41c28b918025\gdiplus.dll
0x000007feef550000 - 0x000007feef60d000 	C:\windows\system32\PortableDeviceApi.dll
0x000007fefd620000 - 0x000007fefd65b000 	C:\windows\system32\WINTRUST.dll
0x000007fefd440000 - 0x000007fefd5ad000 	C:\windows\system32\CRYPT32.dll
0x000007fefd380000 - 0x000007fefd38f000 	C:\windows\system32\MSASN1.dll
0x000007feec6a0000 - 0x000007feec6c7000 	C:\windows\system32\EhStorAPI.dll
0x000007fef7d90000 - 0x000007fef7d9c000 	C:\windows\system32\LINKINFO.dll
0x000007fee99c0000 - 0x000007fee9ae5000 	C:\windows\system32\dbghelp.dll

VM Arguments:
jvm_args: -agentlib:jdwp=transport=dt_socket,suspend=y,address=localhost:62503 -Dfile.encoding=UTF-8 
java_command: gui.Ihm
Launcher Type: SUN_STANDARD

Environment Variables:
PATH=C:\Program Files\Eclipse_DEV\Jdks\jdk1.7\jre\bin;C:/Program Files/Eclipse_DEV/Eclipse-4-6-3-Java/jre/bin/server;C:/Program Files/Eclipse_DEV/Eclipse-4-6-3-Java/jre/bin;C:/Program Files/Eclipse_DEV/Eclipse-4-6-3-Java/jre/lib/amd64;C:\Python27_32bit\;C:\Python27_32bit\Scripts;C:\Python27_64bit\;C:\Python27_64bit\Scripts;C:\Program Files (x86)\Common Files\ETAS\3rdParty4.0\;C:\Program Files\svn-collabnet-1.8.14\;C:\SYS\ora1020\bin;C:\windows\system32;C:\windows;C:\windows\System32\Wbem;C:\windows\System32\WindowsPowerShell\v1.0\;C:\windows\SysWOW64;C:\windows\SysWOW64\;C:\windows\SysWOW64\Wbem;C:\Program Files (x86)\MATLAB Compiler Runtime\v79\runtime\win32;C:\Program Files (x86)\Common Files\ETAS\3rdParty1.0;C:\Program Files\MavenCIQ\bin\maven\bin;C:\Program Files\MavenCIQ\bin\maven3\bin;C:\Program Files (x86)\Optisim\MCR\MCR_OPTISIM_M2013a_32B\runtime\win32;C:\Program Files (x86)\Optisim\MCR\MCR_OPTISIM_M2013a_32b\runtime\win32;C:\Program Files (x86)\Microsoft Application Virtualization Client;C:\Program Files (x86)\Optisim\MCR\MCR_OPTISIM_M2013a_32B\runtime\win32;C:\Program Files (x86)\DiagAlyser Suite\Shared\;C:\Program Files (x86)\Graphviz2.30\bin;C:\Program Files\MATLAB\MATLAB Compiler Runtime\v83\runtime\win64;C:\Program Files\Optisim\MCR\MCR_OPTISIM_M2016b_64B\runtime\win64;C:\Program Files (x86)\ETAS\ETKTools4.1\XETKConfigurationTool;C:\Program Files\Eclipse_DEV\Eclipse-4-6-3-Java;
USERNAME=U354706
OS=Windows_NT
PROCESSOR_IDENTIFIER=Intel64 Family 6 Model 94 Stepping 3, GenuineIntel



---------------  S Y S T E M  ---------------

OS: Windows 7 , 64 bit Build 7601 Service Pack 1

CPU:total 8 (4 cores per cpu, 2 threads per core) family 6 model 94 stepping 3, cmov, cx8, fxsr, mmx, sse, sse2, sse3, ssse3, sse4.1, sse4.2, popcnt, avx, avx2, aes, erms, ht, tsc, tscinvbit

Memory: 4k page, physical 16202636k(7385980k free), swap 32710572k(22563868k free)

vm_info: Java HotSpot(TM) 64-Bit Server VM (24.79-b02) for windows-amd64 JRE (1.7.0_79-b15), built on Apr 10 2015 12:36:16 by "java_re" with unknown MS VC++:1600

time: Mon Nov 02 16:34:32 2020
elapsed time: 421 seconds

